INFO:sim:172 - Generating IP...
Applying current project options...
Finished applying current project options.
Resolving generics for 'BRAM_IM'...
WARNING:sim - A core named 'BRAM_IM' already exists in the project. Output
   products for this core may be overwritten.
Applying external generics to 'BRAM_IM'...
Delivering associated files for 'BRAM_IM'...
Delivering EJava files for 'BRAM_IM'...
Generating implementation netlist for 'BRAM_IM'...
INFO:sim - Pre-processing HDL files for 'BRAM_IM'...
Running synthesis for 'BRAM_IM'
Running ngcbuild...
Writing VEO instantiation template for 'BRAM_IM'...
Writing Verilog behavioral simulation model for 'BRAM_IM'...
WARNING:sim - Overwriting existing file
   C:/Users/ThinkPad/Documents/ISE/FPGA/mips/ipcore_dir/tmp/_cg/BRAM_IM/doc/blk_
   mem_gen_v7_3_vinfo.html with file from view xilinx_documentation
Delivered 1 file into directory
C:/Users/ThinkPad/Documents/ISE/FPGA/mips/ipcore_dir/tmp/_cg/BRAM_IM
Generating ASY schematic symbol...
INFO:sim:949 - Finished generation of ASY schematic symbol.
Generating SYM schematic symbol for 'BRAM_IM'...
Generating metadata file...
Regenerating ISE project file for 'BRAM_IM'...
Generating ISE project...
XCO file found: BRAM_IM.xco
XMDF file found: BRAM_IM_xmdf.tcl
Adding C:/Users/ThinkPad/Documents/ISE/FPGA/mips/ipcore_dir/tmp/_cg/BRAM_IM.asy
-view all -origin_type imported
Adding C:/Users/ThinkPad/Documents/ISE/FPGA/mips/ipcore_dir/tmp/_cg/BRAM_IM.ngc
-view all -origin_type created
Checking file
"C:/Users/ThinkPad/Documents/ISE/FPGA/mips/ipcore_dir/tmp/_cg/BRAM_IM.ngc" for
project device match ...
File "C:/Users/ThinkPad/Documents/ISE/FPGA/mips/ipcore_dir/tmp/_cg/BRAM_IM.ngc"
device information matches project device.
Adding C:/Users/ThinkPad/Documents/ISE/FPGA/mips/ipcore_dir/tmp/_cg/BRAM_IM.sym
-view all -origin_type imported
Adding C:/Users/ThinkPad/Documents/ISE/FPGA/mips/ipcore_dir/tmp/_cg/BRAM_IM.v
-view all -origin_type created
INFO:HDLCompiler:1845 - Analyzing Verilog file
   "C:/Users/ThinkPad/Documents/ISE/FPGA/mips/ipcore_dir/tmp/_cg/BRAM_IM.v" into
   library work
INFO:ProjectMgmt - Parsing design hierarchy completed successfully.
Adding C:/Users/ThinkPad/Documents/ISE/FPGA/mips/ipcore_dir/tmp/_cg/BRAM_IM.veo
-view all -origin_type imported
INFO:TclTasksC:2116 - The automatic calculation of top has been turned-off.
   Please set the new top explicitly by running the "project set top" command.
   To re-calculate the new top automatically, set the "Auto Implementation Top"
   property to true.
Top level has been set to "/BRAM_IM"
Generating README file...
Generating FLIST file...
INFO:sim:948 - Finished FLIST file generation.
Moving files to output directory...
Finished moving files to output directory
Wrote CGP file for project 'BRAM_IM'.
